This file contains any messages produced by compilers while
running configure, to aid debugging if configure makes a mistake.

It was created by s3fs configure 1.74, which was
generated by GNU Autoconf 2.63.  Invocation command line was

  $ ./configure --prefix=/usr --no-create --no-recursion

## --------- ##
## Platform. ##
## --------- ##

hostname = jonny
uname -m = x86_64
uname -r = 3.13.0-37-generic
uname -s = Linux
uname -v = #64-Ubuntu SMP Mon Sep 22 21:28:38 UTC 2014

/usr/bin/uname -p = unknown
/bin/uname -X     = unknown

/bin/arch              = unknown
/usr/bin/arch -k       = unknown
/usr/convex/getsysinfo = unknown
/usr/bin/hostinfo      = unknown
/bin/machine           = unknown
/usr/bin/oslevel       = unknown
/bin/universe          = unknown

PATH: /usr/local/sbin
PATH: /usr/local/bin
PATH: /usr/sbin
PATH: /usr/bin
PATH: /sbin
PATH: /bin


## ----------- ##
## Core tests. ##
## ----------- ##

configure:1901: checking build system type
configure:1919: result: x86_64-unknown-linux-gnu
configure:1941: checking host system type
configure:1956: result: x86_64-unknown-linux-gnu
configure:1978: checking target system type
configure:1993: result: x86_64-unknown-linux-gnu
configure:2037: checking for a BSD-compatible install
configure:2105: result: /usr/bin/install -c
configure:2116: checking whether build environment is sane
configure:2176: result: yes
configure:2317: checking for a thread-safe mkdir -p
configure:2356: result: /bin/mkdir -p
configure:2369: checking for gawk
configure:2385: found /usr/bin/gawk
configure:2396: result: gawk
configure:2407: checking whether make sets $(MAKE)
configure:2429: result: yes
configure:2570: checking for g++
configure:2586: found /usr/bin/g++
configure:2597: result: g++
configure:2624: checking for C++ compiler version
configure:2632: g++ --version >&5
g++ (Ubuntu 4.8.2-19ubuntu1) 4.8.2
Copyright (C) 2013 Free Software Foundation, Inc.
This is free software; see the source for copying conditions.  There is NO
warranty; not even for MERCHANTABILITY or FITNESS FOR A PARTICULAR PURPOSE.

configure:2636: $? = 0
configure:2643: g++ -v >&5
Using built-in specs.
COLLECT_GCC=g++
COLLECT_LTO_WRAPPER=/usr/lib/gcc/x86_64-linux-gnu/4.8/lto-wrapper
Target: x86_64-linux-gnu
Configured with: ../src/configure -v --with-pkgversion='Ubuntu 4.8.2-19ubuntu1' --with-bugurl=file:///usr/share/doc/gcc-4.8/README.Bugs --enable-languages=c,c++,java,go,d,fortran,objc,obj-c++ --prefix=/usr --program-suffix=-4.8 --enable-shared --enable-linker-build-id --libexecdir=/usr/lib --without-included-gettext --enable-threads=posix --with-gxx-include-dir=/usr/include/c++/4.8 --libdir=/usr/lib --enable-nls --with-sysroot=/ --enable-clocale=gnu --enable-libstdcxx-debug --enable-libstdcxx-time=yes --enable-gnu-unique-object --disable-libmudflap --enable-plugin --with-system-zlib --disable-browser-plugin --enable-java-awt=gtk --enable-gtk-cairo --with-java-home=/usr/lib/jvm/java-1.5.0-gcj-4.8-amd64/jre --enable-java-home --with-jvm-root-dir=/usr/lib/jvm/java-1.5.0-gcj-4.8-amd64 --with-jvm-jar-dir=/usr/lib/jvm-exports/java-1.5.0-gcj-4.8-amd64 --with-arch-directory=amd64 --with-ecj-jar=/usr/share/java/eclipse-ecj.jar --enable-objc-gc --enable-multiarch --disable-werror --with-arch-32=i686 --with-abi=m64 --with-multilib-list=m32,m64,mx32 --with-tune=generic --enable-checking=release --build=x86_64-linux-gnu --host=x86_64-linux-gnu --target=x86_64-linux-gnu
Thread model: posix
gcc version 4.8.2 (Ubuntu 4.8.2-19ubuntu1) 
configure:2647: $? = 0
configure:2654: g++ -V >&5
g++: error: unrecognized command line option '-V'
g++: fatal error: no input files
compilation terminated.
configure:2658: $? = 4
configure:2681: checking for C++ compiler default output file name
configure:2703: g++    conftest.cpp  >&5
configure:2707: $? = 0
configure:2745: result: a.out
configure:2764: checking whether the C++ compiler works
configure:2774: ./a.out
configure:2778: $? = 0
configure:2797: result: yes
configure:2804: checking whether we are cross compiling
configure:2806: result: no
configure:2809: checking for suffix of executables
configure:2816: g++ -o conftest    conftest.cpp  >&5
configure:2820: $? = 0
configure:2846: result: 
configure:2852: checking for suffix of object files
configure:2878: g++ -c   conftest.cpp >&5
configure:2882: $? = 0
configure:2907: result: o
configure:2911: checking whether we are using the GNU C++ compiler
configure:2940: g++ -c   conftest.cpp >&5
configure:2947: $? = 0
configure:2964: result: yes
configure:2973: checking whether g++ accepts -g
configure:3003: g++ -c -g  conftest.cpp >&5
configure:3010: $? = 0
configure:3111: result: yes
configure:3145: checking for style of include used by make
configure:3173: result: GNU
configure:3198: checking dependency style of g++
configure:3308: result: gcc3
configure:3375: checking for pkg-config
configure:3393: found /usr/bin/pkg-config
configure:3405: result: /usr/bin/pkg-config
configure:3430: checking pkg-config is at least version 0.9.0
configure:3433: result: yes
configure:3444: checking for DEPS
configure:3451: $PKG_CONFIG --exists --print-errors "fuse >= 2.8.4 libcurl >= 7.0 libxml-2.0 >= 2.6 libcrypto >= 0.9"
configure:3454: $? = 0
configure:3467: $PKG_CONFIG --exists --print-errors "fuse >= 2.8.4 libcurl >= 7.0 libxml-2.0 >= 2.6 libcrypto >= 0.9"
configure:3470: $? = 0
configure:3547: result: yes
configure:3600: checking for gcc
configure:3616: found /usr/bin/gcc
configure:3627: result: gcc
configure:3859: checking for C compiler version
configure:3867: gcc --version >&5
gcc (Ubuntu 4.8.2-19ubuntu1) 4.8.2
Copyright (C) 2013 Free Software Foundation, Inc.
This is free software; see the source for copying conditions.  There is NO
warranty; not even for MERCHANTABILITY or FITNESS FOR A PARTICULAR PURPOSE.

configure:3871: $? = 0
configure:3878: gcc -v >&5
Using built-in specs.
COLLECT_GCC=gcc
COLLECT_LTO_WRAPPER=/usr/lib/gcc/x86_64-linux-gnu/4.8/lto-wrapper
Target: x86_64-linux-gnu
Configured with: ../src/configure -v --with-pkgversion='Ubuntu 4.8.2-19ubuntu1' --with-bugurl=file:///usr/share/doc/gcc-4.8/README.Bugs --enable-languages=c,c++,java,go,d,fortran,objc,obj-c++ --prefix=/usr --program-suffix=-4.8 --enable-shared --enable-linker-build-id --libexecdir=/usr/lib --without-included-gettext --enable-threads=posix --with-gxx-include-dir=/usr/include/c++/4.8 --libdir=/usr/lib --enable-nls --with-sysroot=/ --enable-clocale=gnu --enable-libstdcxx-debug --enable-libstdcxx-time=yes --enable-gnu-unique-object --disable-libmudflap --enable-plugin --with-system-zlib --disable-browser-plugin --enable-java-awt=gtk --enable-gtk-cairo --with-java-home=/usr/lib/jvm/java-1.5.0-gcj-4.8-amd64/jre --enable-java-home --with-jvm-root-dir=/usr/lib/jvm/java-1.5.0-gcj-4.8-amd64 --with-jvm-jar-dir=/usr/lib/jvm-exports/java-1.5.0-gcj-4.8-amd64 --with-arch-directory=amd64 --with-ecj-jar=/usr/share/java/eclipse-ecj.jar --enable-objc-gc --enable-multiarch --disable-werror --with-arch-32=i686 --with-abi=m64 --with-multilib-list=m32,m64,mx32 --with-tune=generic --enable-checking=release --build=x86_64-linux-gnu --host=x86_64-linux-gnu --target=x86_64-linux-gnu
Thread model: posix
gcc version 4.8.2 (Ubuntu 4.8.2-19ubuntu1) 
configure:3882: $? = 0
configure:3889: gcc -V >&5
gcc: error: unrecognized command line option '-V'
gcc: fatal error: no input files
compilation terminated.
configure:3893: $? = 4
configure:3896: checking whether we are using the GNU C compiler
configure:3925: gcc -c   conftest.c >&5
configure:3932: $? = 0
configure:3949: result: yes
configure:3958: checking whether gcc accepts -g
configure:3988: gcc -c -g  conftest.c >&5
configure:3995: $? = 0
configure:4096: result: yes
configure:4113: checking for gcc option to accept ISO C89
configure:4187: gcc  -c -g -O2  conftest.c >&5
configure:4194: $? = 0
configure:4217: result: none needed
configure:4237: checking dependency style of gcc
configure:4347: result: gcc3
configure:4367: checking for malloc_trim
configure:4423: gcc -o conftest -g -O2   conftest.c  >&5
configure:4430: $? = 0
configure:4452: result: yes
configure:4465: checking Initializing libcurl build with NSS
configure:4485: result: no
configure:4497: checking how to run the C preprocessor
configure:4537: gcc -E  conftest.c
configure:4544: $? = 0
configure:4575: gcc -E  conftest.c
conftest.c:11:28: fatal error: ac_nonexistent.h: No such file or directory
 #include <ac_nonexistent.h>
                            ^
compilation terminated.
configure:4582: $? = 1
configure: failed program was:
| /* confdefs.h.  */
| #define PACKAGE_NAME "s3fs"
| #define PACKAGE_TARNAME "s3fs"
| #define PACKAGE_VERSION "1.74"
| #define PACKAGE_STRING "s3fs 1.74"
| #define PACKAGE_BUGREPORT ""
| #define PACKAGE "s3fs"
| #define VERSION "1.74"
| #define HAVE_MALLOC_TRIM 1
| /* end confdefs.h.  */
| #include <ac_nonexistent.h>
configure:4615: result: gcc -E
configure:4644: gcc -E  conftest.c
configure:4651: $? = 0
configure:4682: gcc -E  conftest.c
conftest.c:11:28: fatal error: ac_nonexistent.h: No such file or directory
 #include <ac_nonexistent.h>
                            ^
compilation terminated.
configure:4689: $? = 1
configure: failed program was:
| /* confdefs.h.  */
| #define PACKAGE_NAME "s3fs"
| #define PACKAGE_TARNAME "s3fs"
| #define PACKAGE_VERSION "1.74"
| #define PACKAGE_STRING "s3fs 1.74"
| #define PACKAGE_BUGREPORT ""
| #define PACKAGE "s3fs"
| #define VERSION "1.74"
| #define HAVE_MALLOC_TRIM 1
| /* end confdefs.h.  */
| #include <ac_nonexistent.h>
configure:4729: checking for grep that handles long lines and -e
configure:4789: result: /bin/grep
configure:4794: checking for egrep
configure:4858: result: /bin/grep -E
configure:4863: checking for ANSI C header files
configure:4893: gcc -c -g -O2  conftest.c >&5
configure:4900: $? = 0
configure:4999: gcc -o conftest -g -O2   conftest.c  >&5
configure:5003: $? = 0
configure:5009: ./conftest
configure:5013: $? = 0
configure:5031: result: yes
configure:5055: checking for sys/types.h
configure:5076: gcc -c -g -O2  conftest.c >&5
configure:5083: $? = 0
configure:5100: result: yes
configure:5055: checking for sys/stat.h
configure:5076: gcc -c -g -O2  conftest.c >&5
configure:5083: $? = 0
configure:5100: result: yes
configure:5055: checking for stdlib.h
configure:5076: gcc -c -g -O2  conftest.c >&5
configure:5083: $? = 0
configure:5100: result: yes
configure:5055: checking for string.h
configure:5076: gcc -c -g -O2  conftest.c >&5
configure:5083: $? = 0
configure:5100: result: yes
configure:5055: checking for memory.h
configure:5076: gcc -c -g -O2  conftest.c >&5
configure:5083: $? = 0
configure:5100: result: yes
configure:5055: checking for strings.h
configure:5076: gcc -c -g -O2  conftest.c >&5
configure:5083: $? = 0
configure:5100: result: yes
configure:5055: checking for inttypes.h
configure:5076: gcc -c -g -O2  conftest.c >&5
configure:5083: $? = 0
configure:5100: result: yes
configure:5055: checking for stdint.h
configure:5076: gcc -c -g -O2  conftest.c >&5
configure:5083: $? = 0
configure:5100: result: yes
configure:5055: checking for unistd.h
configure:5076: gcc -c -g -O2  conftest.c >&5
configure:5083: $? = 0
configure:5100: result: yes
configure:5912: creating ./config.status

## ---------------- ##
## Cache variables. ##
## ---------------- ##

ac_cv_build=x86_64-unknown-linux-gnu
ac_cv_c_compiler_gnu=yes
ac_cv_cxx_compiler_gnu=yes
ac_cv_env_CCC_set=
ac_cv_env_CCC_value=
ac_cv_env_CC_set=
ac_cv_env_CC_value=
ac_cv_env_CFLAGS_set=
ac_cv_env_CFLAGS_value=
ac_cv_env_CPPFLAGS_set=
ac_cv_env_CPPFLAGS_value=
ac_cv_env_CPP_set=
ac_cv_env_CPP_value=
ac_cv_env_CXXFLAGS_set=
ac_cv_env_CXXFLAGS_value=
ac_cv_env_CXX_set=
ac_cv_env_CXX_value=
ac_cv_env_DEPS_CFLAGS_set=
ac_cv_env_DEPS_CFLAGS_value=
ac_cv_env_DEPS_LIBS_set=
ac_cv_env_DEPS_LIBS_value=
ac_cv_env_LDFLAGS_set=
ac_cv_env_LDFLAGS_value=
ac_cv_env_LIBS_set=
ac_cv_env_LIBS_value=
ac_cv_env_PKG_CONFIG_set=
ac_cv_env_PKG_CONFIG_value=
ac_cv_env_build_alias_set=
ac_cv_env_build_alias_value=
ac_cv_env_host_alias_set=
ac_cv_env_host_alias_value=
ac_cv_env_target_alias_set=
ac_cv_env_target_alias_value=
ac_cv_func_malloc_trim=yes
ac_cv_header_inttypes_h=yes
ac_cv_header_memory_h=yes
ac_cv_header_stdc=yes
ac_cv_header_stdint_h=yes
ac_cv_header_stdlib_h=yes
ac_cv_header_string_h=yes
ac_cv_header_strings_h=yes
ac_cv_header_sys_stat_h=yes
ac_cv_header_sys_types_h=yes
ac_cv_header_unistd_h=yes
ac_cv_host=x86_64-unknown-linux-gnu
ac_cv_objext=o
ac_cv_path_EGREP='/bin/grep -E'
ac_cv_path_GREP=/bin/grep
ac_cv_path_ac_pt_PKG_CONFIG=/usr/bin/pkg-config
ac_cv_path_install='/usr/bin/install -c'
ac_cv_path_mkdir=/bin/mkdir
ac_cv_prog_AWK=gawk
ac_cv_prog_CPP='gcc -E'
ac_cv_prog_ac_ct_CC=gcc
ac_cv_prog_ac_ct_CXX=g++
ac_cv_prog_cc_c89=
ac_cv_prog_cc_g=yes
ac_cv_prog_cxx_g=yes
ac_cv_prog_make_make_set=yes
ac_cv_target=x86_64-unknown-linux-gnu
am_cv_CC_dependencies_compiler_type=gcc3
am_cv_CXX_dependencies_compiler_type=gcc3
pkg_cv_DEPS_CFLAGS='-D_FILE_OFFSET_BITS=64 -I/usr/include/fuse -I/usr/include/libxml2  '
pkg_cv_DEPS_LIBS='-pthread -lfuse -lcurl -lxml2 -lcrypto  '

## ----------------- ##
## Output variables. ##
## ----------------- ##

ACLOCAL='${SHELL} /home/jonny/Downloads/s3fs-1.74/missing --run aclocal-1.11'
AMDEPBACKSLASH='\'
AMDEP_FALSE='#'
AMDEP_TRUE=''
AMTAR='${SHELL} /home/jonny/Downloads/s3fs-1.74/missing --run tar'
AUTOCONF='${SHELL} /home/jonny/Downloads/s3fs-1.74/missing --run autoconf'
AUTOHEADER='${SHELL} /home/jonny/Downloads/s3fs-1.74/missing --run autoheader'
AUTOMAKE='${SHELL} /home/jonny/Downloads/s3fs-1.74/missing --run automake-1.11'
AWK='gawk'
CC='gcc'
CCDEPMODE='depmode=gcc3'
CFLAGS='-g -O2'
CPP='gcc -E'
CPPFLAGS=''
CXX='g++'
CXXDEPMODE='depmode=gcc3'
CXXFLAGS='-g -O2 -Wall -D_FILE_OFFSET_BITS=64'
CYGPATH_W='echo'
DEFS='-DPACKAGE_NAME=\"s3fs\" -DPACKAGE_TARNAME=\"s3fs\" -DPACKAGE_VERSION=\"1.74\" -DPACKAGE_STRING=\"s3fs\ 1.74\" -DPACKAGE_BUGREPORT=\"\" -DPACKAGE=\"s3fs\" -DVERSION=\"1.74\" -DHAVE_MALLOC_TRIM=1 -DSTDC_HEADERS=1 -DHAVE_SYS_TYPES_H=1 -DHAVE_SYS_STAT_H=1 -DHAVE_STDLIB_H=1 -DHAVE_STRING_H=1 -DHAVE_MEMORY_H=1 -DHAVE_STRINGS_H=1 -DHAVE_INTTYPES_H=1 -DHAVE_STDINT_H=1 -DHAVE_UNISTD_H=1'
DEPDIR='.deps'
DEPS_CFLAGS='-D_FILE_OFFSET_BITS=64 -I/usr/include/fuse -I/usr/include/libxml2  '
DEPS_LIBS='-pthread -lfuse -lcurl -lxml2 -lcrypto  '
ECHO_C=''
ECHO_N='-n'
ECHO_T=''
EGREP='/bin/grep -E'
EXEEXT=''
GREP='/bin/grep'
INSTALL_DATA='${INSTALL} -m 644'
INSTALL_PROGRAM='${INSTALL}'
INSTALL_SCRIPT='${INSTALL}'
INSTALL_STRIP_PROGRAM='$(install_sh) -c -s'
LDFLAGS=''
LIBOBJS=''
LIBS=''
LTLIBOBJS=''
MAKEINFO='${SHELL} /home/jonny/Downloads/s3fs-1.74/missing --run makeinfo'
MKDIR_P='/bin/mkdir -p'
NSPRCONFIG=''
NSSCONFIG=''
OBJEXT='o'
PACKAGE='s3fs'
PACKAGE_BUGREPORT=''
PACKAGE_NAME='s3fs'
PACKAGE_STRING='s3fs 1.74'
PACKAGE_TARNAME='s3fs'
PACKAGE_VERSION='1.74'
PATH_SEPARATOR=':'
PKG_CONFIG='/usr/bin/pkg-config'
SET_MAKE=''
SHELL='/bin/bash'
STRIP=''
VERSION='1.74'
ac_ct_CC='gcc'
ac_ct_CXX='g++'
am__EXEEXT_FALSE=''
am__EXEEXT_TRUE='#'
am__fastdepCC_FALSE='#'
am__fastdepCC_TRUE=''
am__fastdepCXX_FALSE='#'
am__fastdepCXX_TRUE=''
am__include='include'
am__isrc=''
am__leading_dot='.'
am__quote=''
am__tar='${AMTAR} chof - "$$tardir"'
am__untar='${AMTAR} xf -'
bindir='${exec_prefix}/bin'
build='x86_64-unknown-linux-gnu'
build_alias=''
build_cpu='x86_64'
build_os='linux-gnu'
build_vendor='unknown'
datadir='${datarootdir}'
datarootdir='${prefix}/share'
docdir='${datarootdir}/doc/${PACKAGE_TARNAME}'
dvidir='${docdir}'
exec_prefix='${prefix}'
host='x86_64-unknown-linux-gnu'
host_alias=''
host_cpu='x86_64'
host_os='linux-gnu'
host_vendor='unknown'
htmldir='${docdir}'
includedir='${prefix}/include'
infodir='${datarootdir}/info'
install_sh='${SHELL} /home/jonny/Downloads/s3fs-1.74/install-sh'
libdir='${exec_prefix}/lib'
libexecdir='${exec_prefix}/libexec'
localedir='${datarootdir}/locale'
localstatedir='${prefix}/var'
mandir='${datarootdir}/man'
mkdir_p='/bin/mkdir -p'
oldincludedir='/usr/include'
pdfdir='${docdir}'
prefix='/usr'
program_transform_name='s,x,x,'
psdir='${docdir}'
sbindir='${exec_prefix}/sbin'
sharedstatedir='${prefix}/com'
sysconfdir='${prefix}/etc'
target='x86_64-unknown-linux-gnu'
target_alias=''
target_cpu='x86_64'
target_os='linux-gnu'
target_vendor='unknown'

## ----------- ##
## confdefs.h. ##
## ----------- ##

#define PACKAGE_NAME "s3fs"
#define PACKAGE_TARNAME "s3fs"
#define PACKAGE_VERSION "1.74"
#define PACKAGE_STRING "s3fs 1.74"
#define PACKAGE_BUGREPORT ""
#define PACKAGE "s3fs"
#define VERSION "1.74"
#define HAVE_MALLOC_TRIM 1
#define STDC_HEADERS 1
#define HAVE_SYS_TYPES_H 1
#define HAVE_SYS_STAT_H 1
#define HAVE_STDLIB_H 1
#define HAVE_STRING_H 1
#define HAVE_MEMORY_H 1
#define HAVE_STRINGS_H 1
#define HAVE_INTTYPES_H 1
#define HAVE_STDINT_H 1
#define HAVE_UNISTD_H 1

configure: exit 0

## ---------------------- ##
## Running config.status. ##
## ---------------------- ##

This file was extended by s3fs config.status 1.74, which was
generated by GNU Autoconf 2.63.  Invocation command line was

  CONFIG_FILES    = 
  CONFIG_HEADERS  = 
  CONFIG_LINKS    = 
  CONFIG_COMMANDS = 
  $ ./config.status 

on jonny

config.status:719: creating Makefile
config.status:719: creating src/Makefile
config.status:719: creating test/Makefile
config.status:719: creating doc/Makefile
config.status:930: executing depfiles commands
